2023-03-08 07:27:20.703  INFO 1545 --- [restartedMain] com.feb2023.Feb2023Application           : Starting Feb2023Application using Java 1.8.0_171 on praveen-mac.local with PID 1545 (/Volumes/softwares/projects/imcs/feb-2023-imcs/springboot/feb-2023/target/classes started by praveen in /Volumes/softwares/projects/imcs/feb-2023-imcs/springboot/feb-2023)
2023-03-08 07:27:20.705  INFO 1545 --- [restartedMain] com.feb2023.Feb2023Application           : The following 1 profile is active: "dev"
2023-03-08 07:27:20.785  INFO 1545 --- [restartedMain] .e.DevToolsPropertyDefaultsPostProcessor : Devtools property defaults active! Set 'spring.devtools.add-properties' to 'false' to disable
2023-03-08 07:27:20.786  INFO 1545 --- [restartedMain] .e.DevToolsPropertyDefaultsPostProcessor : For additional web related logging consider setting the 'logging.level.web' property to 'DEBUG'
2023-03-08 07:27:22.091  INFO 1545 --- [restartedMain] .s.d.r.c.RepositoryConfigurationDelegate : Bootstrapping Spring Data JPA repositories in DEFAULT mode.
2023-03-08 07:27:22.180  INFO 1545 --- [restartedMain] .s.d.r.c.RepositoryConfigurationDelegate : Finished Spring Data repository scanning in 77 ms. Found 2 JPA repository interfaces.
2023-03-08 07:27:23.400  INFO 1545 --- [restartedMain] o.s.b.w.embedded.tomcat.TomcatWebServer  : Tomcat initialized with port(s): 8080 (http)
2023-03-08 07:27:23.418  INFO 1545 --- [restartedMain] o.apache.catalina.core.StandardService   : Starting service [Tomcat]
2023-03-08 07:27:23.418  INFO 1545 --- [restartedMain] org.apache.catalina.core.StandardEngine  : Starting Servlet engine: [Apache Tomcat/9.0.58]
2023-03-08 07:27:23.530  INFO 1545 --- [restartedMain] o.a.c.c.C.[Tomcat].[localhost].[/]       : Initializing Spring embedded WebApplicationContext
2023-03-08 07:27:23.530  INFO 1545 --- [restartedMain] w.s.c.ServletWebServerApplicationContext : Root WebApplicationContext: initialization completed in 2744 ms
2023-03-08 07:27:24.040  INFO 1545 --- [restartedMain] o.hibernate.jpa.internal.util.LogHelper  : HHH000204: Processing PersistenceUnitInfo [name: default]
2023-03-08 07:27:24.114  INFO 1545 --- [restartedMain] org.hibernate.Version                    : HHH000412: Hibernate ORM core version 5.6.5.Final
2023-03-08 07:27:24.355  INFO 1545 --- [restartedMain] o.hibernate.annotations.common.Version   : HCANN000001: Hibernate Commons Annotations {5.1.2.Final}
2023-03-08 07:27:24.493  INFO 1545 --- [restartedMain] com.zaxxer.hikari.HikariDataSource       : HikariPool-1 - Starting...
2023-03-08 07:27:24.707  INFO 1545 --- [restartedMain] com.zaxxer.hikari.HikariDataSource       : HikariPool-1 - Start completed.
2023-03-08 07:27:24.745  INFO 1545 --- [restartedMain] org.hibernate.dialect.Dialect            : HHH000400: Using dialect: org.hibernate.dialect.MySQL57Dialect
2023-03-08 07:27:25.502  INFO 1545 --- [restartedMain] o.h.e.t.j.p.i.JtaPlatformInitiator       : HHH000490: Using JtaPlatform implementation: [org.hibernate.engine.transaction.jta.platform.internal.NoJtaPlatform]
2023-03-08 07:27:25.515  INFO 1545 --- [restartedMain] j.LocalContainerEntityManagerFactoryBean : Initialized JPA EntityManagerFactory for persistence unit 'default'
2023-03-08 07:27:26.600  WARN 1545 --- [restartedMain] JpaBaseConfiguration$JpaWebConfiguration : spring.jpa.open-in-view is enabled by default. Therefore, database queries may be performed during view rendering. Explicitly configure spring.jpa.open-in-view to disable this warning
2023-03-08 07:27:27.962  INFO 1545 --- [restartedMain] o.s.b.d.a.OptionalLiveReloadServer       : LiveReload server is running on port 35729
2023-03-08 07:27:28.026  INFO 1545 --- [restartedMain] o.s.b.w.embedded.tomcat.TomcatWebServer  : Tomcat started on port(s): 8080 (http) with context path ''
2023-03-08 07:27:28.049  INFO 1545 --- [restartedMain] com.feb2023.Feb2023Application           : Started Feb2023Application in 8.019 seconds (JVM running for 9.078)
2023-03-08 07:27:39.270  INFO 1545 --- [http-nio-8080-exec-2] o.a.c.c.C.[Tomcat].[localhost].[/]       : Initializing Spring DispatcherServlet 'dispatcherServlet'
2023-03-08 07:27:39.272  INFO 1545 --- [http-nio-8080-exec-2] o.s.web.servlet.DispatcherServlet        : Initializing Servlet 'dispatcherServlet'
2023-03-08 07:27:39.278  INFO 1545 --- [http-nio-8080-exec-2] o.s.web.servlet.DispatcherServlet        : Completed initialization in 3 ms
2023-03-08 07:27:39.305  INFO 1545 --- [http-nio-8080-exec-2] c.f.Configuration.TokenInterceptor       : pre handle
2023-03-08 07:27:39.305  INFO 1545 --- [http-nio-8080-exec-2] c.f.Configuration.TokenInterceptor       : getUserListFromAnotherServer
2023-03-08 07:27:40.037  INFO 1545 --- [http-nio-8080-exec-2] c.f.Configuration.TokenInterceptor       : post handle
2023-03-08 07:27:40.038  INFO 1545 --- [http-nio-8080-exec-2] c.f.Configuration.TokenInterceptor       : afterCompletion
2023-03-08 07:28:58.822  INFO 1545 --- [SpringApplicationShutdownHook] j.LocalContainerEntityManagerFactoryBean : Closing JPA EntityManagerFactory for persistence unit 'default'
2023-03-08 07:28:58.827  INFO 1545 --- [SpringApplicationShutdownHook] com.zaxxer.hikari.HikariDataSource       : HikariPool-1 - Shutdown initiated...
2023-03-08 07:28:58.837  INFO 1545 --- [SpringApplicationShutdownHook] com.zaxxer.hikari.HikariDataSource       : HikariPool-1 - Shutdown completed.
2023-03-08 07:29:01.699  INFO 1574 --- [restartedMain] com.feb2023.Feb2023Application           : Starting Feb2023Application using Java 1.8.0_171 on praveen-mac.local with PID 1574 (/Volumes/softwares/projects/imcs/feb-2023-imcs/springboot/feb-2023/target/classes started by praveen in /Volumes/softwares/projects/imcs/feb-2023-imcs/springboot/feb-2023)
2023-03-08 07:29:01.700  INFO 1574 --- [restartedMain] com.feb2023.Feb2023Application           : The following 1 profile is active: "dev"
2023-03-08 07:29:01.774  INFO 1574 --- [restartedMain] .e.DevToolsPropertyDefaultsPostProcessor : Devtools property defaults active! Set 'spring.devtools.add-properties' to 'false' to disable
2023-03-08 07:29:01.774  INFO 1574 --- [restartedMain] .e.DevToolsPropertyDefaultsPostProcessor : For additional web related logging consider setting the 'logging.level.web' property to 'DEBUG'
2023-03-08 07:29:02.784  INFO 1574 --- [restartedMain] .s.d.r.c.RepositoryConfigurationDelegate : Bootstrapping Spring Data JPA repositories in DEFAULT mode.
2023-03-08 07:29:02.866  INFO 1574 --- [restartedMain] .s.d.r.c.RepositoryConfigurationDelegate : Finished Spring Data repository scanning in 69 ms. Found 2 JPA repository interfaces.
2023-03-08 07:29:03.957  INFO 1574 --- [restartedMain] o.s.b.w.embedded.tomcat.TomcatWebServer  : Tomcat initialized with port(s): 8080 (http)
2023-03-08 07:29:03.978  INFO 1574 --- [restartedMain] o.apache.catalina.core.StandardService   : Starting service [Tomcat]
2023-03-08 07:29:03.978  INFO 1574 --- [restartedMain] org.apache.catalina.core.StandardEngine  : Starting Servlet engine: [Apache Tomcat/9.0.58]
2023-03-08 07:29:04.091  INFO 1574 --- [restartedMain] o.a.c.c.C.[Tomcat].[localhost].[/]       : Initializing Spring embedded WebApplicationContext
2023-03-08 07:29:04.091  INFO 1574 --- [restartedMain] w.s.c.ServletWebServerApplicationContext : Root WebApplicationContext: initialization completed in 2316 ms
2023-03-08 07:29:04.523  INFO 1574 --- [restartedMain] o.hibernate.jpa.internal.util.LogHelper  : HHH000204: Processing PersistenceUnitInfo [name: default]
2023-03-08 07:29:04.595  INFO 1574 --- [restartedMain] org.hibernate.Version                    : HHH000412: Hibernate ORM core version 5.6.5.Final
2023-03-08 07:29:04.826  INFO 1574 --- [restartedMain] o.hibernate.annotations.common.Version   : HCANN000001: Hibernate Commons Annotations {5.1.2.Final}
2023-03-08 07:29:04.950  INFO 1574 --- [restartedMain] com.zaxxer.hikari.HikariDataSource       : HikariPool-1 - Starting...
2023-03-08 07:29:05.137  INFO 1574 --- [restartedMain] com.zaxxer.hikari.HikariDataSource       : HikariPool-1 - Start completed.
2023-03-08 07:29:05.171  INFO 1574 --- [restartedMain] org.hibernate.dialect.Dialect            : HHH000400: Using dialect: org.hibernate.dialect.MySQL57Dialect
2023-03-08 07:29:06.118  INFO 1574 --- [restartedMain] o.h.e.t.j.p.i.JtaPlatformInitiator       : HHH000490: Using JtaPlatform implementation: [org.hibernate.engine.transaction.jta.platform.internal.NoJtaPlatform]
2023-03-08 07:29:06.135  INFO 1574 --- [restartedMain] j.LocalContainerEntityManagerFactoryBean : Initialized JPA EntityManagerFactory for persistence unit 'default'
2023-03-08 07:29:07.203  WARN 1574 --- [restartedMain] JpaBaseConfiguration$JpaWebConfiguration : spring.jpa.open-in-view is enabled by default. Therefore, database queries may be performed during view rendering. Explicitly configure spring.jpa.open-in-view to disable this warning
2023-03-08 07:29:08.454  INFO 1574 --- [restartedMain] o.s.b.d.a.OptionalLiveReloadServer       : LiveReload server is running on port 35729
2023-03-08 07:29:08.508  INFO 1574 --- [restartedMain] o.s.b.w.embedded.tomcat.TomcatWebServer  : Tomcat started on port(s): 8080 (http) with context path ''
2023-03-08 07:29:08.527  INFO 1574 --- [restartedMain] com.feb2023.Feb2023Application           : Started Feb2023Application in 7.321 seconds (JVM running for 8.003)
2023-03-08 07:29:21.135  INFO 1574 --- [http-nio-8080-exec-2] o.a.c.c.C.[Tomcat].[localhost].[/]       : Initializing Spring DispatcherServlet 'dispatcherServlet'
2023-03-08 07:29:21.135  INFO 1574 --- [http-nio-8080-exec-2] o.s.web.servlet.DispatcherServlet        : Initializing Servlet 'dispatcherServlet'
2023-03-08 07:29:21.137  INFO 1574 --- [http-nio-8080-exec-2] o.s.web.servlet.DispatcherServlet        : Completed initialization in 2 ms
2023-03-08 07:29:21.168  INFO 1574 --- [http-nio-8080-exec-2] c.f.Configuration.TokenInterceptor       : pre handle
2023-03-08 07:29:21.169  INFO 1574 --- [http-nio-8080-exec-2] c.f.Configuration.TokenInterceptor       : getUserListFromAnotherServer
2023-03-08 07:29:21.854  INFO 1574 --- [http-nio-8080-exec-2] c.f.Configuration.TokenInterceptor       : post handle
2023-03-08 07:29:21.854  INFO 1574 --- [http-nio-8080-exec-2] c.f.Configuration.TokenInterceptor       : afterCompletion
2023-03-08 07:30:25.068  INFO 1574 --- [SpringApplicationShutdownHook] j.LocalContainerEntityManagerFactoryBean : Closing JPA EntityManagerFactory for persistence unit 'default'
2023-03-08 07:30:25.074  INFO 1574 --- [SpringApplicationShutdownHook] com.zaxxer.hikari.HikariDataSource       : HikariPool-1 - Shutdown initiated...
2023-03-08 07:30:25.087  INFO 1574 --- [SpringApplicationShutdownHook] com.zaxxer.hikari.HikariDataSource       : HikariPool-1 - Shutdown completed.
2023-03-08 07:30:28.134  INFO 1591 --- [restartedMain] com.feb2023.Feb2023Application           : Starting Feb2023Application using Java 1.8.0_171 on praveen-mac.local with PID 1591 (/Volumes/softwares/projects/imcs/feb-2023-imcs/springboot/feb-2023/target/classes started by praveen in /Volumes/softwares/projects/imcs/feb-2023-imcs/springboot/feb-2023)
2023-03-08 07:30:28.136  INFO 1591 --- [restartedMain] com.feb2023.Feb2023Application           : The following 1 profile is active: "dev"
2023-03-08 07:30:28.217  INFO 1591 --- [restartedMain] .e.DevToolsPropertyDefaultsPostProcessor : Devtools property defaults active! Set 'spring.devtools.add-properties' to 'false' to disable
2023-03-08 07:30:28.217  INFO 1591 --- [restartedMain] .e.DevToolsPropertyDefaultsPostProcessor : For additional web related logging consider setting the 'logging.level.web' property to 'DEBUG'
2023-03-08 07:30:29.203  INFO 1591 --- [restartedMain] .s.d.r.c.RepositoryConfigurationDelegate : Bootstrapping Spring Data JPA repositories in DEFAULT mode.
2023-03-08 07:30:29.301  INFO 1591 --- [restartedMain] .s.d.r.c.RepositoryConfigurationDelegate : Finished Spring Data repository scanning in 79 ms. Found 2 JPA repository interfaces.
2023-03-08 07:30:30.416  INFO 1591 --- [restartedMain] o.s.b.w.embedded.tomcat.TomcatWebServer  : Tomcat initialized with port(s): 8080 (http)
2023-03-08 07:30:30.431  INFO 1591 --- [restartedMain] o.apache.catalina.core.StandardService   : Starting service [Tomcat]
2023-03-08 07:30:30.431  INFO 1591 --- [restartedMain] org.apache.catalina.core.StandardEngine  : Starting Servlet engine: [Apache Tomcat/9.0.58]
2023-03-08 07:30:30.541  INFO 1591 --- [restartedMain] o.a.c.c.C.[Tomcat].[localhost].[/]       : Initializing Spring embedded WebApplicationContext
2023-03-08 07:30:30.541  INFO 1591 --- [restartedMain] w.s.c.ServletWebServerApplicationContext : Root WebApplicationContext: initialization completed in 2323 ms
2023-03-08 07:30:31.044  INFO 1591 --- [restartedMain] o.hibernate.jpa.internal.util.LogHelper  : HHH000204: Processing PersistenceUnitInfo [name: default]
2023-03-08 07:30:31.109  INFO 1591 --- [restartedMain] org.hibernate.Version                    : HHH000412: Hibernate ORM core version 5.6.5.Final
2023-03-08 07:30:31.316  INFO 1591 --- [restartedMain] o.hibernate.annotations.common.Version   : HCANN000001: Hibernate Commons Annotations {5.1.2.Final}
2023-03-08 07:30:31.450  INFO 1591 --- [restartedMain] com.zaxxer.hikari.HikariDataSource       : HikariPool-1 - Starting...
2023-03-08 07:30:31.652  INFO 1591 --- [restartedMain] com.zaxxer.hikari.HikariDataSource       : HikariPool-1 - Start completed.
2023-03-08 07:30:31.689  INFO 1591 --- [restartedMain] org.hibernate.dialect.Dialect            : HHH000400: Using dialect: org.hibernate.dialect.MySQL57Dialect
2023-03-08 07:30:32.556  INFO 1591 --- [restartedMain] o.h.e.t.j.p.i.JtaPlatformInitiator       : HHH000490: Using JtaPlatform implementation: [org.hibernate.engine.transaction.jta.platform.internal.NoJtaPlatform]
2023-03-08 07:30:32.571  INFO 1591 --- [restartedMain] j.LocalContainerEntityManagerFactoryBean : Initialized JPA EntityManagerFactory for persistence unit 'default'
2023-03-08 07:30:33.666  WARN 1591 --- [restartedMain] JpaBaseConfiguration$JpaWebConfiguration : spring.jpa.open-in-view is enabled by default. Therefore, database queries may be performed during view rendering. Explicitly configure spring.jpa.open-in-view to disable this warning
2023-03-08 07:30:34.820  INFO 1591 --- [restartedMain] o.s.b.d.a.OptionalLiveReloadServer       : LiveReload server is running on port 35729
2023-03-08 07:30:34.867  INFO 1591 --- [restartedMain] o.s.b.w.embedded.tomcat.TomcatWebServer  : Tomcat started on port(s): 8080 (http) with context path ''
2023-03-08 07:30:34.883  INFO 1591 --- [restartedMain] com.feb2023.Feb2023Application           : Started Feb2023Application in 7.373 seconds (JVM running for 8.13)
2023-03-08 07:30:43.470  INFO 1591 --- [http-nio-8080-exec-1] o.a.c.c.C.[Tomcat].[localhost].[/]       : Initializing Spring DispatcherServlet 'dispatcherServlet'
2023-03-08 07:30:43.471  INFO 1591 --- [http-nio-8080-exec-1] o.s.web.servlet.DispatcherServlet        : Initializing Servlet 'dispatcherServlet'
2023-03-08 07:30:43.473  INFO 1591 --- [http-nio-8080-exec-1] o.s.web.servlet.DispatcherServlet        : Completed initialization in 2 ms
2023-03-08 07:30:43.505  INFO 1591 --- [http-nio-8080-exec-1] c.f.Configuration.TokenInterceptor       : pre handle
2023-03-08 07:30:43.506  INFO 1591 --- [http-nio-8080-exec-1] c.f.Configuration.TokenInterceptor       : getUserListFromAnotherServer
2023-03-08 07:30:44.197  INFO 1591 --- [http-nio-8080-exec-1] c.f.Configuration.TokenInterceptor       : post handle
2023-03-08 07:30:44.198  INFO 1591 --- [http-nio-8080-exec-1] c.f.Configuration.TokenInterceptor       : afterCompletion
2023-03-08 07:32:15.753  INFO 1591 --- [SpringApplicationShutdownHook] j.LocalContainerEntityManagerFactoryBean : Closing JPA EntityManagerFactory for persistence unit 'default'
2023-03-08 07:32:15.758  INFO 1591 --- [SpringApplicationShutdownHook] com.zaxxer.hikari.HikariDataSource       : HikariPool-1 - Shutdown initiated...
2023-03-08 07:32:15.777  INFO 1591 --- [SpringApplicationShutdownHook] com.zaxxer.hikari.HikariDataSource       : HikariPool-1 - Shutdown completed.
